ERROR - 2026-06-19 04:12:37 --> Cannot add or update a child row: a foreign key constraint fails (`uas_ereport`.`pengaduan`, CONSTRAINT `pengaduan_ibfk_2` FOREIGN KEY (`id_kategori`) REFERENCES `kategori_aduan` (`id`) ON DELETE CASCADE)
in SYSTEMPATH\Database\MySQLi\Connection.php on line 300.
 1 SYSTEMPATH\Database\MySQLi\Connection.php(300): mysqli->query('INSERT INTO `pengaduan` (`id_user`, `id_kategori`, `isi_laporan`, `status`) VALUES (\'1\', \'1\', \'Kerusakan jalan di bundaran Universitas Presiden\\n\', \'menunggu\')', 0)
 2 SYSTEMPATH\Database\BaseConnection.php(908): CodeIgniter\Database\MySQLi\Connection->execute('INSERT INTO `pengaduan` (`id_user`, `id_kategori`, `isi_laporan`, `status`) VALUES (\'1\', \'1\', \'Kerusakan jalan di bundaran Universitas Presiden\\n\', \'menunggu\')')
 3 SYSTEMPATH\Database\BaseConnection.php(825): CodeIgniter\Database\BaseConnection->simpleQuery('INSERT INTO `pengaduan` (`id_user`, `id_kategori`, `isi_laporan`, `status`) VALUES (\'1\', \'1\', \'Kerusakan jalan di bundaran Universitas Presiden\\n\', \'menunggu\')')
 4 SYSTEMPATH\Database\BaseBuilder.php(2343): CodeIgniter\Database\BaseConnection->query('INSERT INTO `pengaduan` (`id_user`, `id_kategori`, `isi_laporan`, `status`) VALUES (:id_user:, :id_kategori:, :isi_laporan:, :status:)', [...], false)
 5 SYSTEMPATH\Model.php(357): CodeIgniter\Database\BaseBuilder->insert()
 6 SYSTEMPATH\BaseModel.php(899): CodeIgniter\Model->doInsert([...])
 7 SYSTEMPATH\Model.php(670): CodeIgniter\BaseModel->insert([...], true)
 8 APPPATH\Controllers\Api\Pengaduan.php(29): CodeIgniter\Model->insert([...])
 9 SYSTEMPATH\CodeIgniter.php(974): App\Controllers\Api\Pengaduan->create()
10 SYSTEMPATH\CodeIgniter.php(520): CodeIgniter\CodeIgniter->runController(Object(App\Controllers\Api\Pengaduan))
11 SYSTEMPATH\CodeIgniter.php(363): CodeIgniter\CodeIgniter->handleRequest(null, Object(Config\Cache), false)
12 SYSTEMPATH\Boot.php(417): CodeIgniter\CodeIgniter->run()
13 SYSTEMPATH\Boot.php(68): CodeIgniter\Boot::runCodeIgniter(Object(CodeIgniter\CodeIgniter))
14 FCPATH\index.php(59): CodeIgniter\Boot::bootWeb(Object(Config\Paths))
15 SYSTEMPATH\rewrite.php(44): require_once('C:\\xampp\\htdocs\\UAS_Web2_Rifqi\\backend-api\\public\\index.php')
CRITICAL - 2026-06-19 04:12:37 --> CodeIgniter\Database\Exceptions\DatabaseException: Cannot add or update a child row: a foreign key constraint fails (`uas_ereport`.`pengaduan`, CONSTRAINT `pengaduan_ibfk_2` FOREIGN KEY (`id_kategori`) REFERENCES `kategori_aduan` (`id`) ON DELETE CASCADE)
[Method: POST, Route: api/pengaduan]
in SYSTEMPATH\Database\BaseConnection.php on line 863.
 1 SYSTEMPATH\Database\BaseBuilder.php(2343): CodeIgniter\Database\BaseConnection->query('INSERT INTO `pengaduan` (`id_user`, `id_kategori`, `isi_laporan`, `status`) VALUES (:id_user:, :id_kategori:, :isi_laporan:, :status:)', [...], false)
 2 SYSTEMPATH\Model.php(357): CodeIgniter\Database\BaseBuilder->insert()
 3 SYSTEMPATH\BaseModel.php(899): CodeIgniter\Model->doInsert([...])
 4 SYSTEMPATH\Model.php(670): CodeIgniter\BaseModel->insert([...], true)
 5 APPPATH\Controllers\Api\Pengaduan.php(29): CodeIgniter\Model->insert([...])
 6 SYSTEMPATH\CodeIgniter.php(974): App\Controllers\Api\Pengaduan->create()
 7 SYSTEMPATH\CodeIgniter.php(520): CodeIgniter\CodeIgniter->runController(Object(App\Controllers\Api\Pengaduan))
 8 SYSTEMPATH\CodeIgniter.php(363): CodeIgniter\CodeIgniter->handleRequest(null, Object(Config\Cache), false)
 9 SYSTEMPATH\Boot.php(417): CodeIgniter\CodeIgniter->run()
10 SYSTEMPATH\Boot.php(68): CodeIgniter\Boot::runCodeIgniter(Object(CodeIgniter\CodeIgniter))
11 FCPATH\index.php(59): CodeIgniter\Boot::bootWeb(Object(Config\Paths))
12 SYSTEMPATH\rewrite.php(44): require_once('C:\\xampp\\htdocs\\UAS_Web2_Rifqi\\backend-api\\public\\index.php')
CRITICAL - 2026-06-19 04:12:37 --> [Caused by] CodeIgniter\Database\Exceptions\DatabaseException: Cannot add or update a child row: a foreign key constraint fails (`uas_ereport`.`pengaduan`, CONSTRAINT `pengaduan_ibfk_2` FOREIGN KEY (`id_kategori`) REFERENCES `kategori_aduan` (`id`) ON DELETE CASCADE)
in SYSTEMPATH\Database\MySQLi\Connection.php on line 310.
 1 SYSTEMPATH\Database\BaseConnection.php(908): CodeIgniter\Database\MySQLi\Connection->execute('INSERT INTO `pengaduan` (`id_user`, `id_kategori`, `isi_laporan`, `status`) VALUES (\'1\', \'1\', \'Kerusakan jalan di bundaran Universitas Presiden\\n\', \'menunggu\')')
 2 SYSTEMPATH\Database\BaseConnection.php(825): CodeIgniter\Database\BaseConnection->simpleQuery('INSERT INTO `pengaduan` (`id_user`, `id_kategori`, `isi_laporan`, `status`) VALUES (\'1\', \'1\', \'Kerusakan jalan di bundaran Universitas Presiden\\n\', \'menunggu\')')
 3 SYSTEMPATH\Database\BaseBuilder.php(2343): CodeIgniter\Database\BaseConnection->query('INSERT INTO `pengaduan` (`id_user`, `id_kategori`, `isi_laporan`, `status`) VALUES (:id_user:, :id_kategori:, :isi_laporan:, :status:)', [...], false)
 4 SYSTEMPATH\Model.php(357): CodeIgniter\Database\BaseBuilder->insert()
 5 SYSTEMPATH\BaseModel.php(899): CodeIgniter\Model->doInsert([...])
 6 SYSTEMPATH\Model.php(670): CodeIgniter\BaseModel->insert([...], true)
 7 APPPATH\Controllers\Api\Pengaduan.php(29): CodeIgniter\Model->insert([...])
 8 SYSTEMPATH\CodeIgniter.php(974): App\Controllers\Api\Pengaduan->create()
 9 SYSTEMPATH\CodeIgniter.php(520): CodeIgniter\CodeIgniter->runController(Object(App\Controllers\Api\Pengaduan))
10 SYSTEMPATH\CodeIgniter.php(363): CodeIgniter\CodeIgniter->handleRequest(null, Object(Config\Cache), false)
11 SYSTEMPATH\Boot.php(417): CodeIgniter\CodeIgniter->run()
12 SYSTEMPATH\Boot.php(68): CodeIgniter\Boot::runCodeIgniter(Object(CodeIgniter\CodeIgniter))
13 FCPATH\index.php(59): CodeIgniter\Boot::bootWeb(Object(Config\Paths))
14 SYSTEMPATH\rewrite.php(44): require_once('C:\\xampp\\htdocs\\UAS_Web2_Rifqi\\backend-api\\public\\index.php')
CRITICAL - 2026-06-19 04:12:37 --> [Caused by] mysqli_sql_exception: Cannot add or update a child row: a foreign key constraint fails (`uas_ereport`.`pengaduan`, CONSTRAINT `pengaduan_ibfk_2` FOREIGN KEY (`id_kategori`) REFERENCES `kategori_aduan` (`id`) ON DELETE CASCADE)
in SYSTEMPATH\Database\MySQLi\Connection.php on line 300.
 1 SYSTEMPATH\Database\MySQLi\Connection.php(300): mysqli->query('INSERT INTO `pengaduan` (`id_user`, `id_kategori`, `isi_laporan`, `status`) VALUES (\'1\', \'1\', \'Kerusakan jalan di bundaran Universitas Presiden\\n\', \'menunggu\')', 0)
 2 SYSTEMPATH\Database\BaseConnection.php(908): CodeIgniter\Database\MySQLi\Connection->execute('INSERT INTO `pengaduan` (`id_user`, `id_kategori`, `isi_laporan`, `status`) VALUES (\'1\', \'1\', \'Kerusakan jalan di bundaran Universitas Presiden\\n\', \'menunggu\')')
 3 SYSTEMPATH\Database\BaseConnection.php(825): CodeIgniter\Database\BaseConnection->simpleQuery('INSERT INTO `pengaduan` (`id_user`, `id_kategori`, `isi_laporan`, `status`) VALUES (\'1\', \'1\', \'Kerusakan jalan di bundaran Universitas Presiden\\n\', \'menunggu\')')
 4 SYSTEMPATH\Database\BaseBuilder.php(2343): CodeIgniter\Database\BaseConnection->query('INSERT INTO `pengaduan` (`id_user`, `id_kategori`, `isi_laporan`, `status`) VALUES (:id_user:, :id_kategori:, :isi_laporan:, :status:)', [...], false)
 5 SYSTEMPATH\Model.php(357): CodeIgniter\Database\BaseBuilder->insert()
 6 SYSTEMPATH\BaseModel.php(899): CodeIgniter\Model->doInsert([...])
 7 SYSTEMPATH\Model.php(670): CodeIgniter\BaseModel->insert([...], true)
 8 APPPATH\Controllers\Api\Pengaduan.php(29): CodeIgniter\Model->insert([...])
 9 SYSTEMPATH\CodeIgniter.php(974): App\Controllers\Api\Pengaduan->create()
10 SYSTEMPATH\CodeIgniter.php(520): CodeIgniter\CodeIgniter->runController(Object(App\Controllers\Api\Pengaduan))
11 SYSTEMPATH\CodeIgniter.php(363): CodeIgniter\CodeIgniter->handleRequest(null, Object(Config\Cache), false)
12 SYSTEMPATH\Boot.php(417): CodeIgniter\CodeIgniter->run()
13 SYSTEMPATH\Boot.php(68): CodeIgniter\Boot::runCodeIgniter(Object(CodeIgniter\CodeIgniter))
14 FCPATH\index.php(59): CodeIgniter\Boot::bootWeb(Object(Config\Paths))
15 SYSTEMPATH\rewrite.php(44): require_once('C:\\xampp\\htdocs\\UAS_Web2_Rifqi\\backend-api\\public\\index.php')
ERROR - 2026-06-19 04:12:45 --> Cannot add or update a child row: a foreign key constraint fails (`uas_ereport`.`pengaduan`, CONSTRAINT `pengaduan_ibfk_2` FOREIGN KEY (`id_kategori`) REFERENCES `kategori_aduan` (`id`) ON DELETE CASCADE)
in SYSTEMPATH\Database\MySQLi\Connection.php on line 300.
 1 SYSTEMPATH\Database\MySQLi\Connection.php(300): mysqli->query('INSERT INTO `pengaduan` (`id_user`, `id_kategori`, `isi_laporan`, `status`) VALUES (\'1\', \'1\', \'Kerusakan jalan di bundaran Universitas Presiden\\n\', \'menunggu\')', 0)
 2 SYSTEMPATH\Database\BaseConnection.php(908): CodeIgniter\Database\MySQLi\Connection->execute('INSERT INTO `pengaduan` (`id_user`, `id_kategori`, `isi_laporan`, `status`) VALUES (\'1\', \'1\', \'Kerusakan jalan di bundaran Universitas Presiden\\n\', \'menunggu\')')
 3 SYSTEMPATH\Database\BaseConnection.php(825): CodeIgniter\Database\BaseConnection->simpleQuery('INSERT INTO `pengaduan` (`id_user`, `id_kategori`, `isi_laporan`, `status`) VALUES (\'1\', \'1\', \'Kerusakan jalan di bundaran Universitas Presiden\\n\', \'menunggu\')')
 4 SYSTEMPATH\Database\BaseBuilder.php(2343): CodeIgniter\Database\BaseConnection->query('INSERT INTO `pengaduan` (`id_user`, `id_kategori`, `isi_laporan`, `status`) VALUES (:id_user:, :id_kategori:, :isi_laporan:, :status:)', [...], false)
 5 SYSTEMPATH\Model.php(357): CodeIgniter\Database\BaseBuilder->insert()
 6 SYSTEMPATH\BaseModel.php(899): CodeIgniter\Model->doInsert([...])
 7 SYSTEMPATH\Model.php(670): CodeIgniter\BaseModel->insert([...], true)
 8 APPPATH\Controllers\Api\Pengaduan.php(29): CodeIgniter\Model->insert([...])
 9 SYSTEMPATH\CodeIgniter.php(974): App\Controllers\Api\Pengaduan->create()
10 SYSTEMPATH\CodeIgniter.php(520): CodeIgniter\CodeIgniter->runController(Object(App\Controllers\Api\Pengaduan))
11 SYSTEMPATH\CodeIgniter.php(363): CodeIgniter\CodeIgniter->handleRequest(null, Object(Config\Cache), false)
12 SYSTEMPATH\Boot.php(417): CodeIgniter\CodeIgniter->run()
13 SYSTEMPATH\Boot.php(68): CodeIgniter\Boot::runCodeIgniter(Object(CodeIgniter\CodeIgniter))
14 FCPATH\index.php(59): CodeIgniter\Boot::bootWeb(Object(Config\Paths))
15 SYSTEMPATH\rewrite.php(44): require_once('C:\\xampp\\htdocs\\UAS_Web2_Rifqi\\backend-api\\public\\index.php')
CRITICAL - 2026-06-19 04:12:45 --> CodeIgniter\Database\Exceptions\DatabaseException: Cannot add or update a child row: a foreign key constraint fails (`uas_ereport`.`pengaduan`, CONSTRAINT `pengaduan_ibfk_2` FOREIGN KEY (`id_kategori`) REFERENCES `kategori_aduan` (`id`) ON DELETE CASCADE)
[Method: POST, Route: api/pengaduan]
in SYSTEMPATH\Database\BaseConnection.php on line 863.
 1 SYSTEMPATH\Database\BaseBuilder.php(2343): CodeIgniter\Database\BaseConnection->query('INSERT INTO `pengaduan` (`id_user`, `id_kategori`, `isi_laporan`, `status`) VALUES (:id_user:, :id_kategori:, :isi_laporan:, :status:)', [...], false)
 2 SYSTEMPATH\Model.php(357): CodeIgniter\Database\BaseBuilder->insert()
 3 SYSTEMPATH\BaseModel.php(899): CodeIgniter\Model->doInsert([...])
 4 SYSTEMPATH\Model.php(670): CodeIgniter\BaseModel->insert([...], true)
 5 APPPATH\Controllers\Api\Pengaduan.php(29): CodeIgniter\Model->insert([...])
 6 SYSTEMPATH\CodeIgniter.php(974): App\Controllers\Api\Pengaduan->create()
 7 SYSTEMPATH\CodeIgniter.php(520): CodeIgniter\CodeIgniter->runController(Object(App\Controllers\Api\Pengaduan))
 8 SYSTEMPATH\CodeIgniter.php(363): CodeIgniter\CodeIgniter->handleRequest(null, Object(Config\Cache), false)
 9 SYSTEMPATH\Boot.php(417): CodeIgniter\CodeIgniter->run()
10 SYSTEMPATH\Boot.php(68): CodeIgniter\Boot::runCodeIgniter(Object(CodeIgniter\CodeIgniter))
11 FCPATH\index.php(59): CodeIgniter\Boot::bootWeb(Object(Config\Paths))
12 SYSTEMPATH\rewrite.php(44): require_once('C:\\xampp\\htdocs\\UAS_Web2_Rifqi\\backend-api\\public\\index.php')
CRITICAL - 2026-06-19 04:12:45 --> [Caused by] CodeIgniter\Database\Exceptions\DatabaseException: Cannot add or update a child row: a foreign key constraint fails (`uas_ereport`.`pengaduan`, CONSTRAINT `pengaduan_ibfk_2` FOREIGN KEY (`id_kategori`) REFERENCES `kategori_aduan` (`id`) ON DELETE CASCADE)
in SYSTEMPATH\Database\MySQLi\Connection.php on line 310.
 1 SYSTEMPATH\Database\BaseConnection.php(908): CodeIgniter\Database\MySQLi\Connection->execute('INSERT INTO `pengaduan` (`id_user`, `id_kategori`, `isi_laporan`, `status`) VALUES (\'1\', \'1\', \'Kerusakan jalan di bundaran Universitas Presiden\\n\', \'menunggu\')')
 2 SYSTEMPATH\Database\BaseConnection.php(825): CodeIgniter\Database\BaseConnection->simpleQuery('INSERT INTO `pengaduan` (`id_user`, `id_kategori`, `isi_laporan`, `status`) VALUES (\'1\', \'1\', \'Kerusakan jalan di bundaran Universitas Presiden\\n\', \'menunggu\')')
 3 SYSTEMPATH\Database\BaseBuilder.php(2343): CodeIgniter\Database\BaseConnection->query('INSERT INTO `pengaduan` (`id_user`, `id_kategori`, `isi_laporan`, `status`) VALUES (:id_user:, :id_kategori:, :isi_laporan:, :status:)', [...], false)
 4 SYSTEMPATH\Model.php(357): CodeIgniter\Database\BaseBuilder->insert()
 5 SYSTEMPATH\BaseModel.php(899): CodeIgniter\Model->doInsert([...])
 6 SYSTEMPATH\Model.php(670): CodeIgniter\BaseModel->insert([...], true)
 7 APPPATH\Controllers\Api\Pengaduan.php(29): CodeIgniter\Model->insert([...])
 8 SYSTEMPATH\CodeIgniter.php(974): App\Controllers\Api\Pengaduan->create()
 9 SYSTEMPATH\CodeIgniter.php(520): CodeIgniter\CodeIgniter->runController(Object(App\Controllers\Api\Pengaduan))
10 SYSTEMPATH\CodeIgniter.php(363): CodeIgniter\CodeIgniter->handleRequest(null, Object(Config\Cache), false)
11 SYSTEMPATH\Boot.php(417): CodeIgniter\CodeIgniter->run()
12 SYSTEMPATH\Boot.php(68): CodeIgniter\Boot::runCodeIgniter(Object(CodeIgniter\CodeIgniter))
13 FCPATH\index.php(59): CodeIgniter\Boot::bootWeb(Object(Config\Paths))
14 SYSTEMPATH\rewrite.php(44): require_once('C:\\xampp\\htdocs\\UAS_Web2_Rifqi\\backend-api\\public\\index.php')
CRITICAL - 2026-06-19 04:12:45 --> [Caused by] mysqli_sql_exception: Cannot add or update a child row: a foreign key constraint fails (`uas_ereport`.`pengaduan`, CONSTRAINT `pengaduan_ibfk_2` FOREIGN KEY (`id_kategori`) REFERENCES `kategori_aduan` (`id`) ON DELETE CASCADE)
in SYSTEMPATH\Database\MySQLi\Connection.php on line 300.
 1 SYSTEMPATH\Database\MySQLi\Connection.php(300): mysqli->query('INSERT INTO `pengaduan` (`id_user`, `id_kategori`, `isi_laporan`, `status`) VALUES (\'1\', \'1\', \'Kerusakan jalan di bundaran Universitas Presiden\\n\', \'menunggu\')', 0)
 2 SYSTEMPATH\Database\BaseConnection.php(908): CodeIgniter\Database\MySQLi\Connection->execute('INSERT INTO `pengaduan` (`id_user`, `id_kategori`, `isi_laporan`, `status`) VALUES (\'1\', \'1\', \'Kerusakan jalan di bundaran Universitas Presiden\\n\', \'menunggu\')')
 3 SYSTEMPATH\Database\BaseConnection.php(825): CodeIgniter\Database\BaseConnection->simpleQuery('INSERT INTO `pengaduan` (`id_user`, `id_kategori`, `isi_laporan`, `status`) VALUES (\'1\', \'1\', \'Kerusakan jalan di bundaran Universitas Presiden\\n\', \'menunggu\')')
 4 SYSTEMPATH\Database\BaseBuilder.php(2343): CodeIgniter\Database\BaseConnection->query('INSERT INTO `pengaduan` (`id_user`, `id_kategori`, `isi_laporan`, `status`) VALUES (:id_user:, :id_kategori:, :isi_laporan:, :status:)', [...], false)
 5 SYSTEMPATH\Model.php(357): CodeIgniter\Database\BaseBuilder->insert()
 6 SYSTEMPATH\BaseModel.php(899): CodeIgniter\Model->doInsert([...])
 7 SYSTEMPATH\Model.php(670): CodeIgniter\BaseModel->insert([...], true)
 8 APPPATH\Controllers\Api\Pengaduan.php(29): CodeIgniter\Model->insert([...])
 9 SYSTEMPATH\CodeIgniter.php(974): App\Controllers\Api\Pengaduan->create()
10 SYSTEMPATH\CodeIgniter.php(520): CodeIgniter\CodeIgniter->runController(Object(App\Controllers\Api\Pengaduan))
11 SYSTEMPATH\CodeIgniter.php(363): CodeIgniter\CodeIgniter->handleRequest(null, Object(Config\Cache), false)
12 SYSTEMPATH\Boot.php(417): CodeIgniter\CodeIgniter->run()
13 SYSTEMPATH\Boot.php(68): CodeIgniter\Boot::runCodeIgniter(Object(CodeIgniter\CodeIgniter))
14 FCPATH\index.php(59): CodeIgniter\Boot::bootWeb(Object(Config\Paths))
15 SYSTEMPATH\rewrite.php(44): require_once('C:\\xampp\\htdocs\\UAS_Web2_Rifqi\\backend-api\\public\\index.php')
ERROR - 2026-06-19 04:12:47 --> Cannot add or update a child row: a foreign key constraint fails (`uas_ereport`.`pengaduan`, CONSTRAINT `pengaduan_ibfk_2` FOREIGN KEY (`id_kategori`) REFERENCES `kategori_aduan` (`id`) ON DELETE CASCADE)
in SYSTEMPATH\Database\MySQLi\Connection.php on line 300.
 1 SYSTEMPATH\Database\MySQLi\Connection.php(300): mysqli->query('INSERT INTO `pengaduan` (`id_user`, `id_kategori`, `isi_laporan`, `status`) VALUES (\'1\', \'1\', \'Kerusakan jalan di bundaran Universitas Presiden\\n\', \'menunggu\')', 0)
 2 SYSTEMPATH\Database\BaseConnection.php(908): CodeIgniter\Database\MySQLi\Connection->execute('INSERT INTO `pengaduan` (`id_user`, `id_kategori`, `isi_laporan`, `status`) VALUES (\'1\', \'1\', \'Kerusakan jalan di bundaran Universitas Presiden\\n\', \'menunggu\')')
 3 SYSTEMPATH\Database\BaseConnection.php(825): CodeIgniter\Database\BaseConnection->simpleQuery('INSERT INTO `pengaduan` (`id_user`, `id_kategori`, `isi_laporan`, `status`) VALUES (\'1\', \'1\', \'Kerusakan jalan di bundaran Universitas Presiden\\n\', \'menunggu\')')
 4 SYSTEMPATH\Database\BaseBuilder.php(2343): CodeIgniter\Database\BaseConnection->query('INSERT INTO `pengaduan` (`id_user`, `id_kategori`, `isi_laporan`, `status`) VALUES (:id_user:, :id_kategori:, :isi_laporan:, :status:)', [...], false)
 5 SYSTEMPATH\Model.php(357): CodeIgniter\Database\BaseBuilder->insert()
 6 SYSTEMPATH\BaseModel.php(899): CodeIgniter\Model->doInsert([...])
 7 SYSTEMPATH\Model.php(670): CodeIgniter\BaseModel->insert([...], true)
 8 APPPATH\Controllers\Api\Pengaduan.php(29): CodeIgniter\Model->insert([...])
 9 SYSTEMPATH\CodeIgniter.php(974): App\Controllers\Api\Pengaduan->create()
10 SYSTEMPATH\CodeIgniter.php(520): CodeIgniter\CodeIgniter->runController(Object(App\Controllers\Api\Pengaduan))
11 SYSTEMPATH\CodeIgniter.php(363): CodeIgniter\CodeIgniter->handleRequest(null, Object(Config\Cache), false)
12 SYSTEMPATH\Boot.php(417): CodeIgniter\CodeIgniter->run()
13 SYSTEMPATH\Boot.php(68): CodeIgniter\Boot::runCodeIgniter(Object(CodeIgniter\CodeIgniter))
14 FCPATH\index.php(59): CodeIgniter\Boot::bootWeb(Object(Config\Paths))
15 SYSTEMPATH\rewrite.php(44): require_once('C:\\xampp\\htdocs\\UAS_Web2_Rifqi\\backend-api\\public\\index.php')
CRITICAL - 2026-06-19 04:12:47 --> CodeIgniter\Database\Exceptions\DatabaseException: Cannot add or update a child row: a foreign key constraint fails (`uas_ereport`.`pengaduan`, CONSTRAINT `pengaduan_ibfk_2` FOREIGN KEY (`id_kategori`) REFERENCES `kategori_aduan` (`id`) ON DELETE CASCADE)
[Method: POST, Route: api/pengaduan]
in SYSTEMPATH\Database\BaseConnection.php on line 863.
 1 SYSTEMPATH\Database\BaseBuilder.php(2343): CodeIgniter\Database\BaseConnection->query('INSERT INTO `pengaduan` (`id_user`, `id_kategori`, `isi_laporan`, `status`) VALUES (:id_user:, :id_kategori:, :isi_laporan:, :status:)', [...], false)
 2 SYSTEMPATH\Model.php(357): CodeIgniter\Database\BaseBuilder->insert()
 3 SYSTEMPATH\BaseModel.php(899): CodeIgniter\Model->doInsert([...])
 4 SYSTEMPATH\Model.php(670): CodeIgniter\BaseModel->insert([...], true)
 5 APPPATH\Controllers\Api\Pengaduan.php(29): CodeIgniter\Model->insert([...])
 6 SYSTEMPATH\CodeIgniter.php(974): App\Controllers\Api\Pengaduan->create()
 7 SYSTEMPATH\CodeIgniter.php(520): CodeIgniter\CodeIgniter->runController(Object(App\Controllers\Api\Pengaduan))
 8 SYSTEMPATH\CodeIgniter.php(363): CodeIgniter\CodeIgniter->handleRequest(null, Object(Config\Cache), false)
 9 SYSTEMPATH\Boot.php(417): CodeIgniter\CodeIgniter->run()
10 SYSTEMPATH\Boot.php(68): CodeIgniter\Boot::runCodeIgniter(Object(CodeIgniter\CodeIgniter))
11 FCPATH\index.php(59): CodeIgniter\Boot::bootWeb(Object(Config\Paths))
12 SYSTEMPATH\rewrite.php(44): require_once('C:\\xampp\\htdocs\\UAS_Web2_Rifqi\\backend-api\\public\\index.php')
CRITICAL - 2026-06-19 04:12:47 --> [Caused by] CodeIgniter\Database\Exceptions\DatabaseException: Cannot add or update a child row: a foreign key constraint fails (`uas_ereport`.`pengaduan`, CONSTRAINT `pengaduan_ibfk_2` FOREIGN KEY (`id_kategori`) REFERENCES `kategori_aduan` (`id`) ON DELETE CASCADE)
in SYSTEMPATH\Database\MySQLi\Connection.php on line 310.
 1 SYSTEMPATH\Database\BaseConnection.php(908): CodeIgniter\Database\MySQLi\Connection->execute('INSERT INTO `pengaduan` (`id_user`, `id_kategori`, `isi_laporan`, `status`) VALUES (\'1\', \'1\', \'Kerusakan jalan di bundaran Universitas Presiden\\n\', \'menunggu\')')
 2 SYSTEMPATH\Database\BaseConnection.php(825): CodeIgniter\Database\BaseConnection->simpleQuery('INSERT INTO `pengaduan` (`id_user`, `id_kategori`, `isi_laporan`, `status`) VALUES (\'1\', \'1\', \'Kerusakan jalan di bundaran Universitas Presiden\\n\', \'menunggu\')')
 3 SYSTEMPATH\Database\BaseBuilder.php(2343): CodeIgniter\Database\BaseConnection->query('INSERT INTO `pengaduan` (`id_user`, `id_kategori`, `isi_laporan`, `status`) VALUES (:id_user:, :id_kategori:, :isi_laporan:, :status:)', [...], false)
 4 SYSTEMPATH\Model.php(357): CodeIgniter\Database\BaseBuilder->insert()
 5 SYSTEMPATH\BaseModel.php(899): CodeIgniter\Model->doInsert([...])
 6 SYSTEMPATH\Model.php(670): CodeIgniter\BaseModel->insert([...], true)
 7 APPPATH\Controllers\Api\Pengaduan.php(29): CodeIgniter\Model->insert([...])
 8 SYSTEMPATH\CodeIgniter.php(974): App\Controllers\Api\Pengaduan->create()
 9 SYSTEMPATH\CodeIgniter.php(520): CodeIgniter\CodeIgniter->runController(Object(App\Controllers\Api\Pengaduan))
10 SYSTEMPATH\CodeIgniter.php(363): CodeIgniter\CodeIgniter->handleRequest(null, Object(Config\Cache), false)
11 SYSTEMPATH\Boot.php(417): CodeIgniter\CodeIgniter->run()
12 SYSTEMPATH\Boot.php(68): CodeIgniter\Boot::runCodeIgniter(Object(CodeIgniter\CodeIgniter))
13 FCPATH\index.php(59): CodeIgniter\Boot::bootWeb(Object(Config\Paths))
14 SYSTEMPATH\rewrite.php(44): require_once('C:\\xampp\\htdocs\\UAS_Web2_Rifqi\\backend-api\\public\\index.php')
CRITICAL - 2026-06-19 04:12:47 --> [Caused by] mysqli_sql_exception: Cannot add or update a child row: a foreign key constraint fails (`uas_ereport`.`pengaduan`, CONSTRAINT `pengaduan_ibfk_2` FOREIGN KEY (`id_kategori`) REFERENCES `kategori_aduan` (`id`) ON DELETE CASCADE)
in SYSTEMPATH\Database\MySQLi\Connection.php on line 300.
 1 SYSTEMPATH\Database\MySQLi\Connection.php(300): mysqli->query('INSERT INTO `pengaduan` (`id_user`, `id_kategori`, `isi_laporan`, `status`) VALUES (\'1\', \'1\', \'Kerusakan jalan di bundaran Universitas Presiden\\n\', \'menunggu\')', 0)
 2 SYSTEMPATH\Database\BaseConnection.php(908): CodeIgniter\Database\MySQLi\Connection->execute('INSERT INTO `pengaduan` (`id_user`, `id_kategori`, `isi_laporan`, `status`) VALUES (\'1\', \'1\', \'Kerusakan jalan di bundaran Universitas Presiden\\n\', \'menunggu\')')
 3 SYSTEMPATH\Database\BaseConnection.php(825): CodeIgniter\Database\BaseConnection->simpleQuery('INSERT INTO `pengaduan` (`id_user`, `id_kategori`, `isi_laporan`, `status`) VALUES (\'1\', \'1\', \'Kerusakan jalan di bundaran Universitas Presiden\\n\', \'menunggu\')')
 4 SYSTEMPATH\Database\BaseBuilder.php(2343): CodeIgniter\Database\BaseConnection->query('INSERT INTO `pengaduan` (`id_user`, `id_kategori`, `isi_laporan`, `status`) VALUES (:id_user:, :id_kategori:, :isi_laporan:, :status:)', [...], false)
 5 SYSTEMPATH\Model.php(357): CodeIgniter\Database\BaseBuilder->insert()
 6 SYSTEMPATH\BaseModel.php(899): CodeIgniter\Model->doInsert([...])
 7 SYSTEMPATH\Model.php(670): CodeIgniter\BaseModel->insert([...], true)
 8 APPPATH\Controllers\Api\Pengaduan.php(29): CodeIgniter\Model->insert([...])
 9 SYSTEMPATH\CodeIgniter.php(974): App\Controllers\Api\Pengaduan->create()
10 SYSTEMPATH\CodeIgniter.php(520): CodeIgniter\CodeIgniter->runController(Object(App\Controllers\Api\Pengaduan))
11 SYSTEMPATH\CodeIgniter.php(363): CodeIgniter\CodeIgniter->handleRequest(null, Object(Config\Cache), false)
12 SYSTEMPATH\Boot.php(417): CodeIgniter\CodeIgniter->run()
13 SYSTEMPATH\Boot.php(68): CodeIgniter\Boot::runCodeIgniter(Object(CodeIgniter\CodeIgniter))
14 FCPATH\index.php(59): CodeIgniter\Boot::bootWeb(Object(Config\Paths))
15 SYSTEMPATH\rewrite.php(44): require_once('C:\\xampp\\htdocs\\UAS_Web2_Rifqi\\backend-api\\public\\index.php')
ERROR - 2026-06-19 04:12:49 --> Cannot add or update a child row: a foreign key constraint fails (`uas_ereport`.`pengaduan`, CONSTRAINT `pengaduan_ibfk_2` FOREIGN KEY (`id_kategori`) REFERENCES `kategori_aduan` (`id`) ON DELETE CASCADE)
in SYSTEMPATH\Database\MySQLi\Connection.php on line 300.
 1 SYSTEMPATH\Database\MySQLi\Connection.php(300): mysqli->query('INSERT INTO `pengaduan` (`id_user`, `id_kategori`, `isi_laporan`, `status`) VALUES (\'1\', \'1\', \'Kerusakan jalan di bundaran Universitas Presiden\\n\', \'menunggu\')', 0)
 2 SYSTEMPATH\Database\BaseConnection.php(908): CodeIgniter\Database\MySQLi\Connection->execute('INSERT INTO `pengaduan` (`id_user`, `id_kategori`, `isi_laporan`, `status`) VALUES (\'1\', \'1\', \'Kerusakan jalan di bundaran Universitas Presiden\\n\', \'menunggu\')')
 3 SYSTEMPATH\Database\BaseConnection.php(825): CodeIgniter\Database\BaseConnection->simpleQuery('INSERT INTO `pengaduan` (`id_user`, `id_kategori`, `isi_laporan`, `status`) VALUES (\'1\', \'1\', \'Kerusakan jalan di bundaran Universitas Presiden\\n\', \'menunggu\')')
 4 SYSTEMPATH\Database\BaseBuilder.php(2343): CodeIgniter\Database\BaseConnection->query('INSERT INTO `pengaduan` (`id_user`, `id_kategori`, `isi_laporan`, `status`) VALUES (:id_user:, :id_kategori:, :isi_laporan:, :status:)', [...], false)
 5 SYSTEMPATH\Model.php(357): CodeIgniter\Database\BaseBuilder->insert()
 6 SYSTEMPATH\BaseModel.php(899): CodeIgniter\Model->doInsert([...])
 7 SYSTEMPATH\Model.php(670): CodeIgniter\BaseModel->insert([...], true)
 8 APPPATH\Controllers\Api\Pengaduan.php(29): CodeIgniter\Model->insert([...])
 9 SYSTEMPATH\CodeIgniter.php(974): App\Controllers\Api\Pengaduan->create()
10 SYSTEMPATH\CodeIgniter.php(520): CodeIgniter\CodeIgniter->runController(Object(App\Controllers\Api\Pengaduan))
11 SYSTEMPATH\CodeIgniter.php(363): CodeIgniter\CodeIgniter->handleRequest(null, Object(Config\Cache), false)
12 SYSTEMPATH\Boot.php(417): CodeIgniter\CodeIgniter->run()
13 SYSTEMPATH\Boot.php(68): CodeIgniter\Boot::runCodeIgniter(Object(CodeIgniter\CodeIgniter))
14 FCPATH\index.php(59): CodeIgniter\Boot::bootWeb(Object(Config\Paths))
15 SYSTEMPATH\rewrite.php(44): require_once('C:\\xampp\\htdocs\\UAS_Web2_Rifqi\\backend-api\\public\\index.php')
CRITICAL - 2026-06-19 04:12:49 --> CodeIgniter\Database\Exceptions\DatabaseException: Cannot add or update a child row: a foreign key constraint fails (`uas_ereport`.`pengaduan`, CONSTRAINT `pengaduan_ibfk_2` FOREIGN KEY (`id_kategori`) REFERENCES `kategori_aduan` (`id`) ON DELETE CASCADE)
[Method: POST, Route: api/pengaduan]
in SYSTEMPATH\Database\BaseConnection.php on line 863.
 1 SYSTEMPATH\Database\BaseBuilder.php(2343): CodeIgniter\Database\BaseConnection->query('INSERT INTO `pengaduan` (`id_user`, `id_kategori`, `isi_laporan`, `status`) VALUES (:id_user:, :id_kategori:, :isi_laporan:, :status:)', [...], false)
 2 SYSTEMPATH\Model.php(357): CodeIgniter\Database\BaseBuilder->insert()
 3 SYSTEMPATH\BaseModel.php(899): CodeIgniter\Model->doInsert([...])
 4 SYSTEMPATH\Model.php(670): CodeIgniter\BaseModel->insert([...], true)
 5 APPPATH\Controllers\Api\Pengaduan.php(29): CodeIgniter\Model->insert([...])
 6 SYSTEMPATH\CodeIgniter.php(974): App\Controllers\Api\Pengaduan->create()
 7 SYSTEMPATH\CodeIgniter.php(520): CodeIgniter\CodeIgniter->runController(Object(App\Controllers\Api\Pengaduan))
 8 SYSTEMPATH\CodeIgniter.php(363): CodeIgniter\CodeIgniter->handleRequest(null, Object(Config\Cache), false)
 9 SYSTEMPATH\Boot.php(417): CodeIgniter\CodeIgniter->run()
10 SYSTEMPATH\Boot.php(68): CodeIgniter\Boot::runCodeIgniter(Object(CodeIgniter\CodeIgniter))
11 FCPATH\index.php(59): CodeIgniter\Boot::bootWeb(Object(Config\Paths))
12 SYSTEMPATH\rewrite.php(44): require_once('C:\\xampp\\htdocs\\UAS_Web2_Rifqi\\backend-api\\public\\index.php')
CRITICAL - 2026-06-19 04:12:49 --> [Caused by] CodeIgniter\Database\Exceptions\DatabaseException: Cannot add or update a child row: a foreign key constraint fails (`uas_ereport`.`pengaduan`, CONSTRAINT `pengaduan_ibfk_2` FOREIGN KEY (`id_kategori`) REFERENCES `kategori_aduan` (`id`) ON DELETE CASCADE)
in SYSTEMPATH\Database\MySQLi\Connection.php on line 310.
 1 SYSTEMPATH\Database\BaseConnection.php(908): CodeIgniter\Database\MySQLi\Connection->execute('INSERT INTO `pengaduan` (`id_user`, `id_kategori`, `isi_laporan`, `status`) VALUES (\'1\', \'1\', \'Kerusakan jalan di bundaran Universitas Presiden\\n\', \'menunggu\')')
 2 SYSTEMPATH\Database\BaseConnection.php(825): CodeIgniter\Database\BaseConnection->simpleQuery('INSERT INTO `pengaduan` (`id_user`, `id_kategori`, `isi_laporan`, `status`) VALUES (\'1\', \'1\', \'Kerusakan jalan di bundaran Universitas Presiden\\n\', \'menunggu\')')
 3 SYSTEMPATH\Database\BaseBuilder.php(2343): CodeIgniter\Database\BaseConnection->query('INSERT INTO `pengaduan` (`id_user`, `id_kategori`, `isi_laporan`, `status`) VALUES (:id_user:, :id_kategori:, :isi_laporan:, :status:)', [...], false)
 4 SYSTEMPATH\Model.php(357): CodeIgniter\Database\BaseBuilder->insert()
 5 SYSTEMPATH\BaseModel.php(899): CodeIgniter\Model->doInsert([...])
 6 SYSTEMPATH\Model.php(670): CodeIgniter\BaseModel->insert([...], true)
 7 APPPATH\Controllers\Api\Pengaduan.php(29): CodeIgniter\Model->insert([...])
 8 SYSTEMPATH\CodeIgniter.php(974): App\Controllers\Api\Pengaduan->create()
 9 SYSTEMPATH\CodeIgniter.php(520): CodeIgniter\CodeIgniter->runController(Object(App\Controllers\Api\Pengaduan))
10 SYSTEMPATH\CodeIgniter.php(363): CodeIgniter\CodeIgniter->handleRequest(null, Object(Config\Cache), false)
11 SYSTEMPATH\Boot.php(417): CodeIgniter\CodeIgniter->run()
12 SYSTEMPATH\Boot.php(68): CodeIgniter\Boot::runCodeIgniter(Object(CodeIgniter\CodeIgniter))
13 FCPATH\index.php(59): CodeIgniter\Boot::bootWeb(Object(Config\Paths))
14 SYSTEMPATH\rewrite.php(44): require_once('C:\\xampp\\htdocs\\UAS_Web2_Rifqi\\backend-api\\public\\index.php')
CRITICAL - 2026-06-19 04:12:49 --> [Caused by] mysqli_sql_exception: Cannot add or update a child row: a foreign key constraint fails (`uas_ereport`.`pengaduan`, CONSTRAINT `pengaduan_ibfk_2` FOREIGN KEY (`id_kategori`) REFERENCES `kategori_aduan` (`id`) ON DELETE CASCADE)
in SYSTEMPATH\Database\MySQLi\Connection.php on line 300.
 1 SYSTEMPATH\Database\MySQLi\Connection.php(300): mysqli->query('INSERT INTO `pengaduan` (`id_user`, `id_kategori`, `isi_laporan`, `status`) VALUES (\'1\', \'1\', \'Kerusakan jalan di bundaran Universitas Presiden\\n\', \'menunggu\')', 0)
 2 SYSTEMPATH\Database\BaseConnection.php(908): CodeIgniter\Database\MySQLi\Connection->execute('INSERT INTO `pengaduan` (`id_user`, `id_kategori`, `isi_laporan`, `status`) VALUES (\'1\', \'1\', \'Kerusakan jalan di bundaran Universitas Presiden\\n\', \'menunggu\')')
 3 SYSTEMPATH\Database\BaseConnection.php(825): CodeIgniter\Database\BaseConnection->simpleQuery('INSERT INTO `pengaduan` (`id_user`, `id_kategori`, `isi_laporan`, `status`) VALUES (\'1\', \'1\', \'Kerusakan jalan di bundaran Universitas Presiden\\n\', \'menunggu\')')
 4 SYSTEMPATH\Database\BaseBuilder.php(2343): CodeIgniter\Database\BaseConnection->query('INSERT INTO `pengaduan` (`id_user`, `id_kategori`, `isi_laporan`, `status`) VALUES (:id_user:, :id_kategori:, :isi_laporan:, :status:)', [...], false)
 5 SYSTEMPATH\Model.php(357): CodeIgniter\Database\BaseBuilder->insert()
 6 SYSTEMPATH\BaseModel.php(899): CodeIgniter\Model->doInsert([...])
 7 SYSTEMPATH\Model.php(670): CodeIgniter\BaseModel->insert([...], true)
 8 APPPATH\Controllers\Api\Pengaduan.php(29): CodeIgniter\Model->insert([...])
 9 SYSTEMPATH\CodeIgniter.php(974): App\Controllers\Api\Pengaduan->create()
10 SYSTEMPATH\CodeIgniter.php(520): CodeIgniter\CodeIgniter->runController(Object(App\Controllers\Api\Pengaduan))
11 SYSTEMPATH\CodeIgniter.php(363): CodeIgniter\CodeIgniter->handleRequest(null, Object(Config\Cache), false)
12 SYSTEMPATH\Boot.php(417): CodeIgniter\CodeIgniter->run()
13 SYSTEMPATH\Boot.php(68): CodeIgniter\Boot::runCodeIgniter(Object(CodeIgniter\CodeIgniter))
14 FCPATH\index.php(59): CodeIgniter\Boot::bootWeb(Object(Config\Paths))
15 SYSTEMPATH\rewrite.php(44): require_once('C:\\xampp\\htdocs\\UAS_Web2_Rifqi\\backend-api\\public\\index.php')
ERROR - 2026-06-19 04:12:52 --> Cannot add or update a child row: a foreign key constraint fails (`uas_ereport`.`pengaduan`, CONSTRAINT `pengaduan_ibfk_2` FOREIGN KEY (`id_kategori`) REFERENCES `kategori_aduan` (`id`) ON DELETE CASCADE)
in SYSTEMPATH\Database\MySQLi\Connection.php on line 300.
 1 SYSTEMPATH\Database\MySQLi\Connection.php(300): mysqli->query('INSERT INTO `pengaduan` (`id_user`, `id_kategori`, `isi_laporan`, `status`) VALUES (\'1\', \'1\', \'Kerusakan jalan di bundaran Universitas Presiden\\n\', \'menunggu\')', 0)
 2 SYSTEMPATH\Database\BaseConnection.php(908): CodeIgniter\Database\MySQLi\Connection->execute('INSERT INTO `pengaduan` (`id_user`, `id_kategori`, `isi_laporan`, `status`) VALUES (\'1\', \'1\', \'Kerusakan jalan di bundaran Universitas Presiden\\n\', \'menunggu\')')
 3 SYSTEMPATH\Database\BaseConnection.php(825): CodeIgniter\Database\BaseConnection->simpleQuery('INSERT INTO `pengaduan` (`id_user`, `id_kategori`, `isi_laporan`, `status`) VALUES (\'1\', \'1\', \'Kerusakan jalan di bundaran Universitas Presiden\\n\', \'menunggu\')')
 4 SYSTEMPATH\Database\BaseBuilder.php(2343): CodeIgniter\Database\BaseConnection->query('INSERT INTO `pengaduan` (`id_user`, `id_kategori`, `isi_laporan`, `status`) VALUES (:id_user:, :id_kategori:, :isi_laporan:, :status:)', [...], false)
 5 SYSTEMPATH\Model.php(357): CodeIgniter\Database\BaseBuilder->insert()
 6 SYSTEMPATH\BaseModel.php(899): CodeIgniter\Model->doInsert([...])
 7 SYSTEMPATH\Model.php(670): CodeIgniter\BaseModel->insert([...], true)
 8 APPPATH\Controllers\Api\Pengaduan.php(29): CodeIgniter\Model->insert([...])
 9 SYSTEMPATH\CodeIgniter.php(974): App\Controllers\Api\Pengaduan->create()
10 SYSTEMPATH\CodeIgniter.php(520): CodeIgniter\CodeIgniter->runController(Object(App\Controllers\Api\Pengaduan))
11 SYSTEMPATH\CodeIgniter.php(363): CodeIgniter\CodeIgniter->handleRequest(null, Object(Config\Cache), false)
12 SYSTEMPATH\Boot.php(417): CodeIgniter\CodeIgniter->run()
13 SYSTEMPATH\Boot.php(68): CodeIgniter\Boot::runCodeIgniter(Object(CodeIgniter\CodeIgniter))
14 FCPATH\index.php(59): CodeIgniter\Boot::bootWeb(Object(Config\Paths))
15 SYSTEMPATH\rewrite.php(44): require_once('C:\\xampp\\htdocs\\UAS_Web2_Rifqi\\backend-api\\public\\index.php')
CRITICAL - 2026-06-19 04:12:52 --> CodeIgniter\Database\Exceptions\DatabaseException: Cannot add or update a child row: a foreign key constraint fails (`uas_ereport`.`pengaduan`, CONSTRAINT `pengaduan_ibfk_2` FOREIGN KEY (`id_kategori`) REFERENCES `kategori_aduan` (`id`) ON DELETE CASCADE)
[Method: POST, Route: api/pengaduan]
in SYSTEMPATH\Database\BaseConnection.php on line 863.
 1 SYSTEMPATH\Database\BaseBuilder.php(2343): CodeIgniter\Database\BaseConnection->query('INSERT INTO `pengaduan` (`id_user`, `id_kategori`, `isi_laporan`, `status`) VALUES (:id_user:, :id_kategori:, :isi_laporan:, :status:)', [...], false)
 2 SYSTEMPATH\Model.php(357): CodeIgniter\Database\BaseBuilder->insert()
 3 SYSTEMPATH\BaseModel.php(899): CodeIgniter\Model->doInsert([...])
 4 SYSTEMPATH\Model.php(670): CodeIgniter\BaseModel->insert([...], true)
 5 APPPATH\Controllers\Api\Pengaduan.php(29): CodeIgniter\Model->insert([...])
 6 SYSTEMPATH\CodeIgniter.php(974): App\Controllers\Api\Pengaduan->create()
 7 SYSTEMPATH\CodeIgniter.php(520): CodeIgniter\CodeIgniter->runController(Object(App\Controllers\Api\Pengaduan))
 8 SYSTEMPATH\CodeIgniter.php(363): CodeIgniter\CodeIgniter->handleRequest(null, Object(Config\Cache), false)
 9 SYSTEMPATH\Boot.php(417): CodeIgniter\CodeIgniter->run()
10 SYSTEMPATH\Boot.php(68): CodeIgniter\Boot::runCodeIgniter(Object(CodeIgniter\CodeIgniter))
11 FCPATH\index.php(59): CodeIgniter\Boot::bootWeb(Object(Config\Paths))
12 SYSTEMPATH\rewrite.php(44): require_once('C:\\xampp\\htdocs\\UAS_Web2_Rifqi\\backend-api\\public\\index.php')
CRITICAL - 2026-06-19 04:12:52 --> [Caused by] CodeIgniter\Database\Exceptions\DatabaseException: Cannot add or update a child row: a foreign key constraint fails (`uas_ereport`.`pengaduan`, CONSTRAINT `pengaduan_ibfk_2` FOREIGN KEY (`id_kategori`) REFERENCES `kategori_aduan` (`id`) ON DELETE CASCADE)
in SYSTEMPATH\Database\MySQLi\Connection.php on line 310.
 1 SYSTEMPATH\Database\BaseConnection.php(908): CodeIgniter\Database\MySQLi\Connection->execute('INSERT INTO `pengaduan` (`id_user`, `id_kategori`, `isi_laporan`, `status`) VALUES (\'1\', \'1\', \'Kerusakan jalan di bundaran Universitas Presiden\\n\', \'menunggu\')')
 2 SYSTEMPATH\Database\BaseConnection.php(825): CodeIgniter\Database\BaseConnection->simpleQuery('INSERT INTO `pengaduan` (`id_user`, `id_kategori`, `isi_laporan`, `status`) VALUES (\'1\', \'1\', \'Kerusakan jalan di bundaran Universitas Presiden\\n\', \'menunggu\')')
 3 SYSTEMPATH\Database\BaseBuilder.php(2343): CodeIgniter\Database\BaseConnection->query('INSERT INTO `pengaduan` (`id_user`, `id_kategori`, `isi_laporan`, `status`) VALUES (:id_user:, :id_kategori:, :isi_laporan:, :status:)', [...], false)
 4 SYSTEMPATH\Model.php(357): CodeIgniter\Database\BaseBuilder->insert()
 5 SYSTEMPATH\BaseModel.php(899): CodeIgniter\Model->doInsert([...])
 6 SYSTEMPATH\Model.php(670): CodeIgniter\BaseModel->insert([...], true)
 7 APPPATH\Controllers\Api\Pengaduan.php(29): CodeIgniter\Model->insert([...])
 8 SYSTEMPATH\CodeIgniter.php(974): App\Controllers\Api\Pengaduan->create()
 9 SYSTEMPATH\CodeIgniter.php(520): CodeIgniter\CodeIgniter->runController(Object(App\Controllers\Api\Pengaduan))
10 SYSTEMPATH\CodeIgniter.php(363): CodeIgniter\CodeIgniter->handleRequest(null, Object(Config\Cache), false)
11 SYSTEMPATH\Boot.php(417): CodeIgniter\CodeIgniter->run()
12 SYSTEMPATH\Boot.php(68): CodeIgniter\Boot::runCodeIgniter(Object(CodeIgniter\CodeIgniter))
13 FCPATH\index.php(59): CodeIgniter\Boot::bootWeb(Object(Config\Paths))
14 SYSTEMPATH\rewrite.php(44): require_once('C:\\xampp\\htdocs\\UAS_Web2_Rifqi\\backend-api\\public\\index.php')
CRITICAL - 2026-06-19 04:12:52 --> [Caused by] mysqli_sql_exception: Cannot add or update a child row: a foreign key constraint fails (`uas_ereport`.`pengaduan`, CONSTRAINT `pengaduan_ibfk_2` FOREIGN KEY (`id_kategori`) REFERENCES `kategori_aduan` (`id`) ON DELETE CASCADE)
in SYSTEMPATH\Database\MySQLi\Connection.php on line 300.
 1 SYSTEMPATH\Database\MySQLi\Connection.php(300): mysqli->query('INSERT INTO `pengaduan` (`id_user`, `id_kategori`, `isi_laporan`, `status`) VALUES (\'1\', \'1\', \'Kerusakan jalan di bundaran Universitas Presiden\\n\', \'menunggu\')', 0)
 2 SYSTEMPATH\Database\BaseConnection.php(908): CodeIgniter\Database\MySQLi\Connection->execute('INSERT INTO `pengaduan` (`id_user`, `id_kategori`, `isi_laporan`, `status`) VALUES (\'1\', \'1\', \'Kerusakan jalan di bundaran Universitas Presiden\\n\', \'menunggu\')')
 3 SYSTEMPATH\Database\BaseConnection.php(825): CodeIgniter\Database\BaseConnection->simpleQuery('INSERT INTO `pengaduan` (`id_user`, `id_kategori`, `isi_laporan`, `status`) VALUES (\'1\', \'1\', \'Kerusakan jalan di bundaran Universitas Presiden\\n\', \'menunggu\')')
 4 SYSTEMPATH\Database\BaseBuilder.php(2343): CodeIgniter\Database\BaseConnection->query('INSERT INTO `pengaduan` (`id_user`, `id_kategori`, `isi_laporan`, `status`) VALUES (:id_user:, :id_kategori:, :isi_laporan:, :status:)', [...], false)
 5 SYSTEMPATH\Model.php(357): CodeIgniter\Database\BaseBuilder->insert()
 6 SYSTEMPATH\BaseModel.php(899): CodeIgniter\Model->doInsert([...])
 7 SYSTEMPATH\Model.php(670): CodeIgniter\BaseModel->insert([...], true)
 8 APPPATH\Controllers\Api\Pengaduan.php(29): CodeIgniter\Model->insert([...])
 9 SYSTEMPATH\CodeIgniter.php(974): App\Controllers\Api\Pengaduan->create()
10 SYSTEMPATH\CodeIgniter.php(520): CodeIgniter\CodeIgniter->runController(Object(App\Controllers\Api\Pengaduan))
11 SYSTEMPATH\CodeIgniter.php(363): CodeIgniter\CodeIgniter->handleRequest(null, Object(Config\Cache), false)
12 SYSTEMPATH\Boot.php(417): CodeIgniter\CodeIgniter->run()
13 SYSTEMPATH\Boot.php(68): CodeIgniter\Boot::runCodeIgniter(Object(CodeIgniter\CodeIgniter))
14 FCPATH\index.php(59): CodeIgniter\Boot::bootWeb(Object(Config\Paths))
15 SYSTEMPATH\rewrite.php(44): require_once('C:\\xampp\\htdocs\\UAS_Web2_Rifqi\\backend-api\\public\\index.php')
ERROR - 2026-06-19 04:12:54 --> Cannot add or update a child row: a foreign key constraint fails (`uas_ereport`.`pengaduan`, CONSTRAINT `pengaduan_ibfk_2` FOREIGN KEY (`id_kategori`) REFERENCES `kategori_aduan` (`id`) ON DELETE CASCADE)
in SYSTEMPATH\Database\MySQLi\Connection.php on line 300.
 1 SYSTEMPATH\Database\MySQLi\Connection.php(300): mysqli->query('INSERT INTO `pengaduan` (`id_user`, `id_kategori`, `isi_laporan`, `status`) VALUES (\'1\', \'1\', \'Kerusakan jalan di bundaran Universitas Presiden\\n\', \'menunggu\')', 0)
 2 SYSTEMPATH\Database\BaseConnection.php(908): CodeIgniter\Database\MySQLi\Connection->execute('INSERT INTO `pengaduan` (`id_user`, `id_kategori`, `isi_laporan`, `status`) VALUES (\'1\', \'1\', \'Kerusakan jalan di bundaran Universitas Presiden\\n\', \'menunggu\')')
 3 SYSTEMPATH\Database\BaseConnection.php(825): CodeIgniter\Database\BaseConnection->simpleQuery('INSERT INTO `pengaduan` (`id_user`, `id_kategori`, `isi_laporan`, `status`) VALUES (\'1\', \'1\', \'Kerusakan jalan di bundaran Universitas Presiden\\n\', \'menunggu\')')
 4 SYSTEMPATH\Database\BaseBuilder.php(2343): CodeIgniter\Database\BaseConnection->query('INSERT INTO `pengaduan` (`id_user`, `id_kategori`, `isi_laporan`, `status`) VALUES (:id_user:, :id_kategori:, :isi_laporan:, :status:)', [...], false)
 5 SYSTEMPATH\Model.php(357): CodeIgniter\Database\BaseBuilder->insert()
 6 SYSTEMPATH\BaseModel.php(899): CodeIgniter\Model->doInsert([...])
 7 SYSTEMPATH\Model.php(670): CodeIgniter\BaseModel->insert([...], true)
 8 APPPATH\Controllers\Api\Pengaduan.php(29): CodeIgniter\Model->insert([...])
 9 SYSTEMPATH\CodeIgniter.php(974): App\Controllers\Api\Pengaduan->create()
10 SYSTEMPATH\CodeIgniter.php(520): CodeIgniter\CodeIgniter->runController(Object(App\Controllers\Api\Pengaduan))
11 SYSTEMPATH\CodeIgniter.php(363): CodeIgniter\CodeIgniter->handleRequest(null, Object(Config\Cache), false)
12 SYSTEMPATH\Boot.php(417): CodeIgniter\CodeIgniter->run()
13 SYSTEMPATH\Boot.php(68): CodeIgniter\Boot::runCodeIgniter(Object(CodeIgniter\CodeIgniter))
14 FCPATH\index.php(59): CodeIgniter\Boot::bootWeb(Object(Config\Paths))
15 SYSTEMPATH\rewrite.php(44): require_once('C:\\xampp\\htdocs\\UAS_Web2_Rifqi\\backend-api\\public\\index.php')
CRITICAL - 2026-06-19 04:12:54 --> CodeIgniter\Database\Exceptions\DatabaseException: Cannot add or update a child row: a foreign key constraint fails (`uas_ereport`.`pengaduan`, CONSTRAINT `pengaduan_ibfk_2` FOREIGN KEY (`id_kategori`) REFERENCES `kategori_aduan` (`id`) ON DELETE CASCADE)
[Method: POST, Route: api/pengaduan]
in SYSTEMPATH\Database\BaseConnection.php on line 863.
 1 SYSTEMPATH\Database\BaseBuilder.php(2343): CodeIgniter\Database\BaseConnection->query('INSERT INTO `pengaduan` (`id_user`, `id_kategori`, `isi_laporan`, `status`) VALUES (:id_user:, :id_kategori:, :isi_laporan:, :status:)', [...], false)
 2 SYSTEMPATH\Model.php(357): CodeIgniter\Database\BaseBuilder->insert()
 3 SYSTEMPATH\BaseModel.php(899): CodeIgniter\Model->doInsert([...])
 4 SYSTEMPATH\Model.php(670): CodeIgniter\BaseModel->insert([...], true)
 5 APPPATH\Controllers\Api\Pengaduan.php(29): CodeIgniter\Model->insert([...])
 6 SYSTEMPATH\CodeIgniter.php(974): App\Controllers\Api\Pengaduan->create()
 7 SYSTEMPATH\CodeIgniter.php(520): CodeIgniter\CodeIgniter->runController(Object(App\Controllers\Api\Pengaduan))
 8 SYSTEMPATH\CodeIgniter.php(363): CodeIgniter\CodeIgniter->handleRequest(null, Object(Config\Cache), false)
 9 SYSTEMPATH\Boot.php(417): CodeIgniter\CodeIgniter->run()
10 SYSTEMPATH\Boot.php(68): CodeIgniter\Boot::runCodeIgniter(Object(CodeIgniter\CodeIgniter))
11 FCPATH\index.php(59): CodeIgniter\Boot::bootWeb(Object(Config\Paths))
12 SYSTEMPATH\rewrite.php(44): require_once('C:\\xampp\\htdocs\\UAS_Web2_Rifqi\\backend-api\\public\\index.php')
CRITICAL - 2026-06-19 04:12:54 --> [Caused by] CodeIgniter\Database\Exceptions\DatabaseException: Cannot add or update a child row: a foreign key constraint fails (`uas_ereport`.`pengaduan`, CONSTRAINT `pengaduan_ibfk_2` FOREIGN KEY (`id_kategori`) REFERENCES `kategori_aduan` (`id`) ON DELETE CASCADE)
in SYSTEMPATH\Database\MySQLi\Connection.php on line 310.
 1 SYSTEMPATH\Database\BaseConnection.php(908): CodeIgniter\Database\MySQLi\Connection->execute('INSERT INTO `pengaduan` (`id_user`, `id_kategori`, `isi_laporan`, `status`) VALUES (\'1\', \'1\', \'Kerusakan jalan di bundaran Universitas Presiden\\n\', \'menunggu\')')
 2 SYSTEMPATH\Database\BaseConnection.php(825): CodeIgniter\Database\BaseConnection->simpleQuery('INSERT INTO `pengaduan` (`id_user`, `id_kategori`, `isi_laporan`, `status`) VALUES (\'1\', \'1\', \'Kerusakan jalan di bundaran Universitas Presiden\\n\', \'menunggu\')')
 3 SYSTEMPATH\Database\BaseBuilder.php(2343): CodeIgniter\Database\BaseConnection->query('INSERT INTO `pengaduan` (`id_user`, `id_kategori`, `isi_laporan`, `status`) VALUES (:id_user:, :id_kategori:, :isi_laporan:, :status:)', [...], false)
 4 SYSTEMPATH\Model.php(357): CodeIgniter\Database\BaseBuilder->insert()
 5 SYSTEMPATH\BaseModel.php(899): CodeIgniter\Model->doInsert([...])
 6 SYSTEMPATH\Model.php(670): CodeIgniter\BaseModel->insert([...], true)
 7 APPPATH\Controllers\Api\Pengaduan.php(29): CodeIgniter\Model->insert([...])
 8 SYSTEMPATH\CodeIgniter.php(974): App\Controllers\Api\Pengaduan->create()
 9 SYSTEMPATH\CodeIgniter.php(520): CodeIgniter\CodeIgniter->runController(Object(App\Controllers\Api\Pengaduan))
10 SYSTEMPATH\CodeIgniter.php(363): CodeIgniter\CodeIgniter->handleRequest(null, Object(Config\Cache), false)
11 SYSTEMPATH\Boot.php(417): CodeIgniter\CodeIgniter->run()
12 SYSTEMPATH\Boot.php(68): CodeIgniter\Boot::runCodeIgniter(Object(CodeIgniter\CodeIgniter))
13 FCPATH\index.php(59): CodeIgniter\Boot::bootWeb(Object(Config\Paths))
14 SYSTEMPATH\rewrite.php(44): require_once('C:\\xampp\\htdocs\\UAS_Web2_Rifqi\\backend-api\\public\\index.php')
CRITICAL - 2026-06-19 04:12:54 --> [Caused by] mysqli_sql_exception: Cannot add or update a child row: a foreign key constraint fails (`uas_ereport`.`pengaduan`, CONSTRAINT `pengaduan_ibfk_2` FOREIGN KEY (`id_kategori`) REFERENCES `kategori_aduan` (`id`) ON DELETE CASCADE)
in SYSTEMPATH\Database\MySQLi\Connection.php on line 300.
 1 SYSTEMPATH\Database\MySQLi\Connection.php(300): mysqli->query('INSERT INTO `pengaduan` (`id_user`, `id_kategori`, `isi_laporan`, `status`) VALUES (\'1\', \'1\', \'Kerusakan jalan di bundaran Universitas Presiden\\n\', \'menunggu\')', 0)
 2 SYSTEMPATH\Database\BaseConnection.php(908): CodeIgniter\Database\MySQLi\Connection->execute('INSERT INTO `pengaduan` (`id_user`, `id_kategori`, `isi_laporan`, `status`) VALUES (\'1\', \'1\', \'Kerusakan jalan di bundaran Universitas Presiden\\n\', \'menunggu\')')
 3 SYSTEMPATH\Database\BaseConnection.php(825): CodeIgniter\Database\BaseConnection->simpleQuery('INSERT INTO `pengaduan` (`id_user`, `id_kategori`, `isi_laporan`, `status`) VALUES (\'1\', \'1\', \'Kerusakan jalan di bundaran Universitas Presiden\\n\', \'menunggu\')')
 4 SYSTEMPATH\Database\BaseBuilder.php(2343): CodeIgniter\Database\BaseConnection->query('INSERT INTO `pengaduan` (`id_user`, `id_kategori`, `isi_laporan`, `status`) VALUES (:id_user:, :id_kategori:, :isi_laporan:, :status:)', [...], false)
 5 SYSTEMPATH\Model.php(357): CodeIgniter\Database\BaseBuilder->insert()
 6 SYSTEMPATH\BaseModel.php(899): CodeIgniter\Model->doInsert([...])
 7 SYSTEMPATH\Model.php(670): CodeIgniter\BaseModel->insert([...], true)
 8 APPPATH\Controllers\Api\Pengaduan.php(29): CodeIgniter\Model->insert([...])
 9 SYSTEMPATH\CodeIgniter.php(974): App\Controllers\Api\Pengaduan->create()
10 SYSTEMPATH\CodeIgniter.php(520): CodeIgniter\CodeIgniter->runController(Object(App\Controllers\Api\Pengaduan))
11 SYSTEMPATH\CodeIgniter.php(363): CodeIgniter\CodeIgniter->handleRequest(null, Object(Config\Cache), false)
12 SYSTEMPATH\Boot.php(417): CodeIgniter\CodeIgniter->run()
13 SYSTEMPATH\Boot.php(68): CodeIgniter\Boot::runCodeIgniter(Object(CodeIgniter\CodeIgniter))
14 FCPATH\index.php(59): CodeIgniter\Boot::bootWeb(Object(Config\Paths))
15 SYSTEMPATH\rewrite.php(44): require_once('C:\\xampp\\htdocs\\UAS_Web2_Rifqi\\backend-api\\public\\index.php')
ERROR - 2026-06-19 04:12:55 --> Cannot add or update a child row: a foreign key constraint fails (`uas_ereport`.`pengaduan`, CONSTRAINT `pengaduan_ibfk_2` FOREIGN KEY (`id_kategori`) REFERENCES `kategori_aduan` (`id`) ON DELETE CASCADE)
in SYSTEMPATH\Database\MySQLi\Connection.php on line 300.
 1 SYSTEMPATH\Database\MySQLi\Connection.php(300): mysqli->query('INSERT INTO `pengaduan` (`id_user`, `id_kategori`, `isi_laporan`, `status`) VALUES (\'1\', \'1\', \'Kerusakan jalan di bundaran Universitas Presiden\\n\', \'menunggu\')', 0)
 2 SYSTEMPATH\Database\BaseConnection.php(908): CodeIgniter\Database\MySQLi\Connection->execute('INSERT INTO `pengaduan` (`id_user`, `id_kategori`, `isi_laporan`, `status`) VALUES (\'1\', \'1\', \'Kerusakan jalan di bundaran Universitas Presiden\\n\', \'menunggu\')')
 3 SYSTEMPATH\Database\BaseConnection.php(825): CodeIgniter\Database\BaseConnection->simpleQuery('INSERT INTO `pengaduan` (`id_user`, `id_kategori`, `isi_laporan`, `status`) VALUES (\'1\', \'1\', \'Kerusakan jalan di bundaran Universitas Presiden\\n\', \'menunggu\')')
 4 SYSTEMPATH\Database\BaseBuilder.php(2343): CodeIgniter\Database\BaseConnection->query('INSERT INTO `pengaduan` (`id_user`, `id_kategori`, `isi_laporan`, `status`) VALUES (:id_user:, :id_kategori:, :isi_laporan:, :status:)', [...], false)
 5 SYSTEMPATH\Model.php(357): CodeIgniter\Database\BaseBuilder->insert()
 6 SYSTEMPATH\BaseModel.php(899): CodeIgniter\Model->doInsert([...])
 7 SYSTEMPATH\Model.php(670): CodeIgniter\BaseModel->insert([...], true)
 8 APPPATH\Controllers\Api\Pengaduan.php(29): CodeIgniter\Model->insert([...])
 9 SYSTEMPATH\CodeIgniter.php(974): App\Controllers\Api\Pengaduan->create()
10 SYSTEMPATH\CodeIgniter.php(520): CodeIgniter\CodeIgniter->runController(Object(App\Controllers\Api\Pengaduan))
11 SYSTEMPATH\CodeIgniter.php(363): CodeIgniter\CodeIgniter->handleRequest(null, Object(Config\Cache), false)
12 SYSTEMPATH\Boot.php(417): CodeIgniter\CodeIgniter->run()
13 SYSTEMPATH\Boot.php(68): CodeIgniter\Boot::runCodeIgniter(Object(CodeIgniter\CodeIgniter))
14 FCPATH\index.php(59): CodeIgniter\Boot::bootWeb(Object(Config\Paths))
15 SYSTEMPATH\rewrite.php(44): require_once('C:\\xampp\\htdocs\\UAS_Web2_Rifqi\\backend-api\\public\\index.php')
CRITICAL - 2026-06-19 04:12:55 --> CodeIgniter\Database\Exceptions\DatabaseException: Cannot add or update a child row: a foreign key constraint fails (`uas_ereport`.`pengaduan`, CONSTRAINT `pengaduan_ibfk_2` FOREIGN KEY (`id_kategori`) REFERENCES `kategori_aduan` (`id`) ON DELETE CASCADE)
[Method: POST, Route: api/pengaduan]
in SYSTEMPATH\Database\BaseConnection.php on line 863.
 1 SYSTEMPATH\Database\BaseBuilder.php(2343): CodeIgniter\Database\BaseConnection->query('INSERT INTO `pengaduan` (`id_user`, `id_kategori`, `isi_laporan`, `status`) VALUES (:id_user:, :id_kategori:, :isi_laporan:, :status:)', [...], false)
 2 SYSTEMPATH\Model.php(357): CodeIgniter\Database\BaseBuilder->insert()
 3 SYSTEMPATH\BaseModel.php(899): CodeIgniter\Model->doInsert([...])
 4 SYSTEMPATH\Model.php(670): CodeIgniter\BaseModel->insert([...], true)
 5 APPPATH\Controllers\Api\Pengaduan.php(29): CodeIgniter\Model->insert([...])
 6 SYSTEMPATH\CodeIgniter.php(974): App\Controllers\Api\Pengaduan->create()
 7 SYSTEMPATH\CodeIgniter.php(520): CodeIgniter\CodeIgniter->runController(Object(App\Controllers\Api\Pengaduan))
 8 SYSTEMPATH\CodeIgniter.php(363): CodeIgniter\CodeIgniter->handleRequest(null, Object(Config\Cache), false)
 9 SYSTEMPATH\Boot.php(417): CodeIgniter\CodeIgniter->run()
10 SYSTEMPATH\Boot.php(68): CodeIgniter\Boot::runCodeIgniter(Object(CodeIgniter\CodeIgniter))
11 FCPATH\index.php(59): CodeIgniter\Boot::bootWeb(Object(Config\Paths))
12 SYSTEMPATH\rewrite.php(44): require_once('C:\\xampp\\htdocs\\UAS_Web2_Rifqi\\backend-api\\public\\index.php')
CRITICAL - 2026-06-19 04:12:55 --> [Caused by] CodeIgniter\Database\Exceptions\DatabaseException: Cannot add or update a child row: a foreign key constraint fails (`uas_ereport`.`pengaduan`, CONSTRAINT `pengaduan_ibfk_2` FOREIGN KEY (`id_kategori`) REFERENCES `kategori_aduan` (`id`) ON DELETE CASCADE)
in SYSTEMPATH\Database\MySQLi\Connection.php on line 310.
 1 SYSTEMPATH\Database\BaseConnection.php(908): CodeIgniter\Database\MySQLi\Connection->execute('INSERT INTO `pengaduan` (`id_user`, `id_kategori`, `isi_laporan`, `status`) VALUES (\'1\', \'1\', \'Kerusakan jalan di bundaran Universitas Presiden\\n\', \'menunggu\')')
 2 SYSTEMPATH\Database\BaseConnection.php(825): CodeIgniter\Database\BaseConnection->simpleQuery('INSERT INTO `pengaduan` (`id_user`, `id_kategori`, `isi_laporan`, `status`) VALUES (\'1\', \'1\', \'Kerusakan jalan di bundaran Universitas Presiden\\n\', \'menunggu\')')
 3 SYSTEMPATH\Database\BaseBuilder.php(2343): CodeIgniter\Database\BaseConnection->query('INSERT INTO `pengaduan` (`id_user`, `id_kategori`, `isi_laporan`, `status`) VALUES (:id_user:, :id_kategori:, :isi_laporan:, :status:)', [...], false)
 4 SYSTEMPATH\Model.php(357): CodeIgniter\Database\BaseBuilder->insert()
 5 SYSTEMPATH\BaseModel.php(899): CodeIgniter\Model->doInsert([...])
 6 SYSTEMPATH\Model.php(670): CodeIgniter\BaseModel->insert([...], true)
 7 APPPATH\Controllers\Api\Pengaduan.php(29): CodeIgniter\Model->insert([...])
 8 SYSTEMPATH\CodeIgniter.php(974): App\Controllers\Api\Pengaduan->create()
 9 SYSTEMPATH\CodeIgniter.php(520): CodeIgniter\CodeIgniter->runController(Object(App\Controllers\Api\Pengaduan))
10 SYSTEMPATH\CodeIgniter.php(363): CodeIgniter\CodeIgniter->handleRequest(null, Object(Config\Cache), false)
11 SYSTEMPATH\Boot.php(417): CodeIgniter\CodeIgniter->run()
12 SYSTEMPATH\Boot.php(68): CodeIgniter\Boot::runCodeIgniter(Object(CodeIgniter\CodeIgniter))
13 FCPATH\index.php(59): CodeIgniter\Boot::bootWeb(Object(Config\Paths))
14 SYSTEMPATH\rewrite.php(44): require_once('C:\\xampp\\htdocs\\UAS_Web2_Rifqi\\backend-api\\public\\index.php')
CRITICAL - 2026-06-19 04:12:55 --> [Caused by] mysqli_sql_exception: Cannot add or update a child row: a foreign key constraint fails (`uas_ereport`.`pengaduan`, CONSTRAINT `pengaduan_ibfk_2` FOREIGN KEY (`id_kategori`) REFERENCES `kategori_aduan` (`id`) ON DELETE CASCADE)
in SYSTEMPATH\Database\MySQLi\Connection.php on line 300.
 1 SYSTEMPATH\Database\MySQLi\Connection.php(300): mysqli->query('INSERT INTO `pengaduan` (`id_user`, `id_kategori`, `isi_laporan`, `status`) VALUES (\'1\', \'1\', \'Kerusakan jalan di bundaran Universitas Presiden\\n\', \'menunggu\')', 0)
 2 SYSTEMPATH\Database\BaseConnection.php(908): CodeIgniter\Database\MySQLi\Connection->execute('INSERT INTO `pengaduan` (`id_user`, `id_kategori`, `isi_laporan`, `status`) VALUES (\'1\', \'1\', \'Kerusakan jalan di bundaran Universitas Presiden\\n\', \'menunggu\')')
 3 SYSTEMPATH\Database\BaseConnection.php(825): CodeIgniter\Database\BaseConnection->simpleQuery('INSERT INTO `pengaduan` (`id_user`, `id_kategori`, `isi_laporan`, `status`) VALUES (\'1\', \'1\', \'Kerusakan jalan di bundaran Universitas Presiden\\n\', \'menunggu\')')
 4 SYSTEMPATH\Database\BaseBuilder.php(2343): CodeIgniter\Database\BaseConnection->query('INSERT INTO `pengaduan` (`id_user`, `id_kategori`, `isi_laporan`, `status`) VALUES (:id_user:, :id_kategori:, :isi_laporan:, :status:)', [...], false)
 5 SYSTEMPATH\Model.php(357): CodeIgniter\Database\BaseBuilder->insert()
 6 SYSTEMPATH\BaseModel.php(899): CodeIgniter\Model->doInsert([...])
 7 SYSTEMPATH\Model.php(670): CodeIgniter\BaseModel->insert([...], true)
 8 APPPATH\Controllers\Api\Pengaduan.php(29): CodeIgniter\Model->insert([...])
 9 SYSTEMPATH\CodeIgniter.php(974): App\Controllers\Api\Pengaduan->create()
10 SYSTEMPATH\CodeIgniter.php(520): CodeIgniter\CodeIgniter->runController(Object(App\Controllers\Api\Pengaduan))
11 SYSTEMPATH\CodeIgniter.php(363): CodeIgniter\CodeIgniter->handleRequest(null, Object(Config\Cache), false)
12 SYSTEMPATH\Boot.php(417): CodeIgniter\CodeIgniter->run()
13 SYSTEMPATH\Boot.php(68): CodeIgniter\Boot::runCodeIgniter(Object(CodeIgniter\CodeIgniter))
14 FCPATH\index.php(59): CodeIgniter\Boot::bootWeb(Object(Config\Paths))
15 SYSTEMPATH\rewrite.php(44): require_once('C:\\xampp\\htdocs\\UAS_Web2_Rifqi\\backend-api\\public\\index.php')
ERROR - 2026-06-19 04:12:57 --> Cannot add or update a child row: a foreign key constraint fails (`uas_ereport`.`pengaduan`, CONSTRAINT `pengaduan_ibfk_2` FOREIGN KEY (`id_kategori`) REFERENCES `kategori_aduan` (`id`) ON DELETE CASCADE)
in SYSTEMPATH\Database\MySQLi\Connection.php on line 300.
 1 SYSTEMPATH\Database\MySQLi\Connection.php(300): mysqli->query('INSERT INTO `pengaduan` (`id_user`, `id_kategori`, `isi_laporan`, `status`) VALUES (\'1\', \'1\', \'Kerusakan jalan di bundaran Universitas Presiden\\n\', \'menunggu\')', 0)
 2 SYSTEMPATH\Database\BaseConnection.php(908): CodeIgniter\Database\MySQLi\Connection->execute('INSERT INTO `pengaduan` (`id_user`, `id_kategori`, `isi_laporan`, `status`) VALUES (\'1\', \'1\', \'Kerusakan jalan di bundaran Universitas Presiden\\n\', \'menunggu\')')
 3 SYSTEMPATH\Database\BaseConnection.php(825): CodeIgniter\Database\BaseConnection->simpleQuery('INSERT INTO `pengaduan` (`id_user`, `id_kategori`, `isi_laporan`, `status`) VALUES (\'1\', \'1\', \'Kerusakan jalan di bundaran Universitas Presiden\\n\', \'menunggu\')')
 4 SYSTEMPATH\Database\BaseBuilder.php(2343): CodeIgniter\Database\BaseConnection->query('INSERT INTO `pengaduan` (`id_user`, `id_kategori`, `isi_laporan`, `status`) VALUES (:id_user:, :id_kategori:, :isi_laporan:, :status:)', [...], false)
 5 SYSTEMPATH\Model.php(357): CodeIgniter\Database\BaseBuilder->insert()
 6 SYSTEMPATH\BaseModel.php(899): CodeIgniter\Model->doInsert([...])
 7 SYSTEMPATH\Model.php(670): CodeIgniter\BaseModel->insert([...], true)
 8 APPPATH\Controllers\Api\Pengaduan.php(29): CodeIgniter\Model->insert([...])
 9 SYSTEMPATH\CodeIgniter.php(974): App\Controllers\Api\Pengaduan->create()
10 SYSTEMPATH\CodeIgniter.php(520): CodeIgniter\CodeIgniter->runController(Object(App\Controllers\Api\Pengaduan))
11 SYSTEMPATH\CodeIgniter.php(363): CodeIgniter\CodeIgniter->handleRequest(null, Object(Config\Cache), false)
12 SYSTEMPATH\Boot.php(417): CodeIgniter\CodeIgniter->run()
13 SYSTEMPATH\Boot.php(68): CodeIgniter\Boot::runCodeIgniter(Object(CodeIgniter\CodeIgniter))
14 FCPATH\index.php(59): CodeIgniter\Boot::bootWeb(Object(Config\Paths))
15 SYSTEMPATH\rewrite.php(44): require_once('C:\\xampp\\htdocs\\UAS_Web2_Rifqi\\backend-api\\public\\index.php')
CRITICAL - 2026-06-19 04:12:57 --> CodeIgniter\Database\Exceptions\DatabaseException: Cannot add or update a child row: a foreign key constraint fails (`uas_ereport`.`pengaduan`, CONSTRAINT `pengaduan_ibfk_2` FOREIGN KEY (`id_kategori`) REFERENCES `kategori_aduan` (`id`) ON DELETE CASCADE)
[Method: POST, Route: api/pengaduan]
in SYSTEMPATH\Database\BaseConnection.php on line 863.
 1 SYSTEMPATH\Database\BaseBuilder.php(2343): CodeIgniter\Database\BaseConnection->query('INSERT INTO `pengaduan` (`id_user`, `id_kategori`, `isi_laporan`, `status`) VALUES (:id_user:, :id_kategori:, :isi_laporan:, :status:)', [...], false)
 2 SYSTEMPATH\Model.php(357): CodeIgniter\Database\BaseBuilder->insert()
 3 SYSTEMPATH\BaseModel.php(899): CodeIgniter\Model->doInsert([...])
 4 SYSTEMPATH\Model.php(670): CodeIgniter\BaseModel->insert([...], true)
 5 APPPATH\Controllers\Api\Pengaduan.php(29): CodeIgniter\Model->insert([...])
 6 SYSTEMPATH\CodeIgniter.php(974): App\Controllers\Api\Pengaduan->create()
 7 SYSTEMPATH\CodeIgniter.php(520): CodeIgniter\CodeIgniter->runController(Object(App\Controllers\Api\Pengaduan))
 8 SYSTEMPATH\CodeIgniter.php(363): CodeIgniter\CodeIgniter->handleRequest(null, Object(Config\Cache), false)
 9 SYSTEMPATH\Boot.php(417): CodeIgniter\CodeIgniter->run()
10 SYSTEMPATH\Boot.php(68): CodeIgniter\Boot::runCodeIgniter(Object(CodeIgniter\CodeIgniter))
11 FCPATH\index.php(59): CodeIgniter\Boot::bootWeb(Object(Config\Paths))
12 SYSTEMPATH\rewrite.php(44): require_once('C:\\xampp\\htdocs\\UAS_Web2_Rifqi\\backend-api\\public\\index.php')
CRITICAL - 2026-06-19 04:12:57 --> [Caused by] CodeIgniter\Database\Exceptions\DatabaseException: Cannot add or update a child row: a foreign key constraint fails (`uas_ereport`.`pengaduan`, CONSTRAINT `pengaduan_ibfk_2` FOREIGN KEY (`id_kategori`) REFERENCES `kategori_aduan` (`id`) ON DELETE CASCADE)
in SYSTEMPATH\Database\MySQLi\Connection.php on line 310.
 1 SYSTEMPATH\Database\BaseConnection.php(908): CodeIgniter\Database\MySQLi\Connection->execute('INSERT INTO `pengaduan` (`id_user`, `id_kategori`, `isi_laporan`, `status`) VALUES (\'1\', \'1\', \'Kerusakan jalan di bundaran Universitas Presiden\\n\', \'menunggu\')')
 2 SYSTEMPATH\Database\BaseConnection.php(825): CodeIgniter\Database\BaseConnection->simpleQuery('INSERT INTO `pengaduan` (`id_user`, `id_kategori`, `isi_laporan`, `status`) VALUES (\'1\', \'1\', \'Kerusakan jalan di bundaran Universitas Presiden\\n\', \'menunggu\')')
 3 SYSTEMPATH\Database\BaseBuilder.php(2343): CodeIgniter\Database\BaseConnection->query('INSERT INTO `pengaduan` (`id_user`, `id_kategori`, `isi_laporan`, `status`) VALUES (:id_user:, :id_kategori:, :isi_laporan:, :status:)', [...], false)
 4 SYSTEMPATH\Model.php(357): CodeIgniter\Database\BaseBuilder->insert()
 5 SYSTEMPATH\BaseModel.php(899): CodeIgniter\Model->doInsert([...])
 6 SYSTEMPATH\Model.php(670): CodeIgniter\BaseModel->insert([...], true)
 7 APPPATH\Controllers\Api\Pengaduan.php(29): CodeIgniter\Model->insert([...])
 8 SYSTEMPATH\CodeIgniter.php(974): App\Controllers\Api\Pengaduan->create()
 9 SYSTEMPATH\CodeIgniter.php(520): CodeIgniter\CodeIgniter->runController(Object(App\Controllers\Api\Pengaduan))
10 SYSTEMPATH\CodeIgniter.php(363): CodeIgniter\CodeIgniter->handleRequest(null, Object(Config\Cache), false)
11 SYSTEMPATH\Boot.php(417): CodeIgniter\CodeIgniter->run()
12 SYSTEMPATH\Boot.php(68): CodeIgniter\Boot::runCodeIgniter(Object(CodeIgniter\CodeIgniter))
13 FCPATH\index.php(59): CodeIgniter\Boot::bootWeb(Object(Config\Paths))
14 SYSTEMPATH\rewrite.php(44): require_once('C:\\xampp\\htdocs\\UAS_Web2_Rifqi\\backend-api\\public\\index.php')
CRITICAL - 2026-06-19 04:12:57 --> [Caused by] mysqli_sql_exception: Cannot add or update a child row: a foreign key constraint fails (`uas_ereport`.`pengaduan`, CONSTRAINT `pengaduan_ibfk_2` FOREIGN KEY (`id_kategori`) REFERENCES `kategori_aduan` (`id`) ON DELETE CASCADE)
in SYSTEMPATH\Database\MySQLi\Connection.php on line 300.
 1 SYSTEMPATH\Database\MySQLi\Connection.php(300): mysqli->query('INSERT INTO `pengaduan` (`id_user`, `id_kategori`, `isi_laporan`, `status`) VALUES (\'1\', \'1\', \'Kerusakan jalan di bundaran Universitas Presiden\\n\', \'menunggu\')', 0)
 2 SYSTEMPATH\Database\BaseConnection.php(908): CodeIgniter\Database\MySQLi\Connection->execute('INSERT INTO `pengaduan` (`id_user`, `id_kategori`, `isi_laporan`, `status`) VALUES (\'1\', \'1\', \'Kerusakan jalan di bundaran Universitas Presiden\\n\', \'menunggu\')')
 3 SYSTEMPATH\Database\BaseConnection.php(825): CodeIgniter\Database\BaseConnection->simpleQuery('INSERT INTO `pengaduan` (`id_user`, `id_kategori`, `isi_laporan`, `status`) VALUES (\'1\', \'1\', \'Kerusakan jalan di bundaran Universitas Presiden\\n\', \'menunggu\')')
 4 SYSTEMPATH\Database\BaseBuilder.php(2343): CodeIgniter\Database\BaseConnection->query('INSERT INTO `pengaduan` (`id_user`, `id_kategori`, `isi_laporan`, `status`) VALUES (:id_user:, :id_kategori:, :isi_laporan:, :status:)', [...], false)
 5 SYSTEMPATH\Model.php(357): CodeIgniter\Database\BaseBuilder->insert()
 6 SYSTEMPATH\BaseModel.php(899): CodeIgniter\Model->doInsert([...])
 7 SYSTEMPATH\Model.php(670): CodeIgniter\BaseModel->insert([...], true)
 8 APPPATH\Controllers\Api\Pengaduan.php(29): CodeIgniter\Model->insert([...])
 9 SYSTEMPATH\CodeIgniter.php(974): App\Controllers\Api\Pengaduan->create()
10 SYSTEMPATH\CodeIgniter.php(520): CodeIgniter\CodeIgniter->runController(Object(App\Controllers\Api\Pengaduan))
11 SYSTEMPATH\CodeIgniter.php(363): CodeIgniter\CodeIgniter->handleRequest(null, Object(Config\Cache), false)
12 SYSTEMPATH\Boot.php(417): CodeIgniter\CodeIgniter->run()
13 SYSTEMPATH\Boot.php(68): CodeIgniter\Boot::runCodeIgniter(Object(CodeIgniter\CodeIgniter))
14 FCPATH\index.php(59): CodeIgniter\Boot::bootWeb(Object(Config\Paths))
15 SYSTEMPATH\rewrite.php(44): require_once('C:\\xampp\\htdocs\\UAS_Web2_Rifqi\\backend-api\\public\\index.php')
ERROR - 2026-06-19 04:13:45 --> Cannot add or update a child row: a foreign key constraint fails (`uas_ereport`.`pengaduan`, CONSTRAINT `pengaduan_ibfk_2` FOREIGN KEY (`id_kategori`) REFERENCES `kategori_aduan` (`id`) ON DELETE CASCADE)
in SYSTEMPATH\Database\MySQLi\Connection.php on line 300.
 1 SYSTEMPATH\Database\MySQLi\Connection.php(300): mysqli->query('INSERT INTO `pengaduan` (`id_user`, `id_kategori`, `isi_laporan`, `status`) VALUES (\'1\', \'1\', \'Kerusakan jalan bundaran universitas presiden\', \'menunggu\')', 0)
 2 SYSTEMPATH\Database\BaseConnection.php(908): CodeIgniter\Database\MySQLi\Connection->execute('INSERT INTO `pengaduan` (`id_user`, `id_kategori`, `isi_laporan`, `status`) VALUES (\'1\', \'1\', \'Kerusakan jalan bundaran universitas presiden\', \'menunggu\')')
 3 SYSTEMPATH\Database\BaseConnection.php(825): CodeIgniter\Database\BaseConnection->simpleQuery('INSERT INTO `pengaduan` (`id_user`, `id_kategori`, `isi_laporan`, `status`) VALUES (\'1\', \'1\', \'Kerusakan jalan bundaran universitas presiden\', \'menunggu\')')
 4 SYSTEMPATH\Database\BaseBuilder.php(2343): CodeIgniter\Database\BaseConnection->query('INSERT INTO `pengaduan` (`id_user`, `id_kategori`, `isi_laporan`, `status`) VALUES (:id_user:, :id_kategori:, :isi_laporan:, :status:)', [...], false)
 5 SYSTEMPATH\Model.php(357): CodeIgniter\Database\BaseBuilder->insert()
 6 SYSTEMPATH\BaseModel.php(899): CodeIgniter\Model->doInsert([...])
 7 SYSTEMPATH\Model.php(670): CodeIgniter\BaseModel->insert([...], true)
 8 APPPATH\Controllers\Api\Pengaduan.php(29): CodeIgniter\Model->insert([...])
 9 SYSTEMPATH\CodeIgniter.php(974): App\Controllers\Api\Pengaduan->create()
10 SYSTEMPATH\CodeIgniter.php(520): CodeIgniter\CodeIgniter->runController(Object(App\Controllers\Api\Pengaduan))
11 SYSTEMPATH\CodeIgniter.php(363): CodeIgniter\CodeIgniter->handleRequest(null, Object(Config\Cache), false)
12 SYSTEMPATH\Boot.php(417): CodeIgniter\CodeIgniter->run()
13 SYSTEMPATH\Boot.php(68): CodeIgniter\Boot::runCodeIgniter(Object(CodeIgniter\CodeIgniter))
14 FCPATH\index.php(59): CodeIgniter\Boot::bootWeb(Object(Config\Paths))
15 SYSTEMPATH\rewrite.php(44): require_once('C:\\xampp\\htdocs\\UAS_Web2_Rifqi\\backend-api\\public\\index.php')
CRITICAL - 2026-06-19 04:13:45 --> CodeIgniter\Database\Exceptions\DatabaseException: Cannot add or update a child row: a foreign key constraint fails (`uas_ereport`.`pengaduan`, CONSTRAINT `pengaduan_ibfk_2` FOREIGN KEY (`id_kategori`) REFERENCES `kategori_aduan` (`id`) ON DELETE CASCADE)
[Method: POST, Route: api/pengaduan]
in SYSTEMPATH\Database\BaseConnection.php on line 863.
 1 SYSTEMPATH\Database\BaseBuilder.php(2343): CodeIgniter\Database\BaseConnection->query('INSERT INTO `pengaduan` (`id_user`, `id_kategori`, `isi_laporan`, `status`) VALUES (:id_user:, :id_kategori:, :isi_laporan:, :status:)', [...], false)
 2 SYSTEMPATH\Model.php(357): CodeIgniter\Database\BaseBuilder->insert()
 3 SYSTEMPATH\BaseModel.php(899): CodeIgniter\Model->doInsert([...])
 4 SYSTEMPATH\Model.php(670): CodeIgniter\BaseModel->insert([...], true)
 5 APPPATH\Controllers\Api\Pengaduan.php(29): CodeIgniter\Model->insert([...])
 6 SYSTEMPATH\CodeIgniter.php(974): App\Controllers\Api\Pengaduan->create()
 7 SYSTEMPATH\CodeIgniter.php(520): CodeIgniter\CodeIgniter->runController(Object(App\Controllers\Api\Pengaduan))
 8 SYSTEMPATH\CodeIgniter.php(363): CodeIgniter\CodeIgniter->handleRequest(null, Object(Config\Cache), false)
 9 SYSTEMPATH\Boot.php(417): CodeIgniter\CodeIgniter->run()
10 SYSTEMPATH\Boot.php(68): CodeIgniter\Boot::runCodeIgniter(Object(CodeIgniter\CodeIgniter))
11 FCPATH\index.php(59): CodeIgniter\Boot::bootWeb(Object(Config\Paths))
12 SYSTEMPATH\rewrite.php(44): require_once('C:\\xampp\\htdocs\\UAS_Web2_Rifqi\\backend-api\\public\\index.php')
CRITICAL - 2026-06-19 04:13:45 --> [Caused by] CodeIgniter\Database\Exceptions\DatabaseException: Cannot add or update a child row: a foreign key constraint fails (`uas_ereport`.`pengaduan`, CONSTRAINT `pengaduan_ibfk_2` FOREIGN KEY (`id_kategori`) REFERENCES `kategori_aduan` (`id`) ON DELETE CASCADE)
in SYSTEMPATH\Database\MySQLi\Connection.php on line 310.
 1 SYSTEMPATH\Database\BaseConnection.php(908): CodeIgniter\Database\MySQLi\Connection->execute('INSERT INTO `pengaduan` (`id_user`, `id_kategori`, `isi_laporan`, `status`) VALUES (\'1\', \'1\', \'Kerusakan jalan bundaran universitas presiden\', \'menunggu\')')
 2 SYSTEMPATH\Database\BaseConnection.php(825): CodeIgniter\Database\BaseConnection->simpleQuery('INSERT INTO `pengaduan` (`id_user`, `id_kategori`, `isi_laporan`, `status`) VALUES (\'1\', \'1\', \'Kerusakan jalan bundaran universitas presiden\', \'menunggu\')')
 3 SYSTEMPATH\Database\BaseBuilder.php(2343): CodeIgniter\Database\BaseConnection->query('INSERT INTO `pengaduan` (`id_user`, `id_kategori`, `isi_laporan`, `status`) VALUES (:id_user:, :id_kategori:, :isi_laporan:, :status:)', [...], false)
 4 SYSTEMPATH\Model.php(357): CodeIgniter\Database\BaseBuilder->insert()
 5 SYSTEMPATH\BaseModel.php(899): CodeIgniter\Model->doInsert([...])
 6 SYSTEMPATH\Model.php(670): CodeIgniter\BaseModel->insert([...], true)
 7 APPPATH\Controllers\Api\Pengaduan.php(29): CodeIgniter\Model->insert([...])
 8 SYSTEMPATH\CodeIgniter.php(974): App\Controllers\Api\Pengaduan->create()
 9 SYSTEMPATH\CodeIgniter.php(520): CodeIgniter\CodeIgniter->runController(Object(App\Controllers\Api\Pengaduan))
10 SYSTEMPATH\CodeIgniter.php(363): CodeIgniter\CodeIgniter->handleRequest(null, Object(Config\Cache), false)
11 SYSTEMPATH\Boot.php(417): CodeIgniter\CodeIgniter->run()
12 SYSTEMPATH\Boot.php(68): CodeIgniter\Boot::runCodeIgniter(Object(CodeIgniter\CodeIgniter))
13 FCPATH\index.php(59): CodeIgniter\Boot::bootWeb(Object(Config\Paths))
14 SYSTEMPATH\rewrite.php(44): require_once('C:\\xampp\\htdocs\\UAS_Web2_Rifqi\\backend-api\\public\\index.php')
CRITICAL - 2026-06-19 04:13:45 --> [Caused by] mysqli_sql_exception: Cannot add or update a child row: a foreign key constraint fails (`uas_ereport`.`pengaduan`, CONSTRAINT `pengaduan_ibfk_2` FOREIGN KEY (`id_kategori`) REFERENCES `kategori_aduan` (`id`) ON DELETE CASCADE)
in SYSTEMPATH\Database\MySQLi\Connection.php on line 300.
 1 SYSTEMPATH\Database\MySQLi\Connection.php(300): mysqli->query('INSERT INTO `pengaduan` (`id_user`, `id_kategori`, `isi_laporan`, `status`) VALUES (\'1\', \'1\', \'Kerusakan jalan bundaran universitas presiden\', \'menunggu\')', 0)
 2 SYSTEMPATH\Database\BaseConnection.php(908): CodeIgniter\Database\MySQLi\Connection->execute('INSERT INTO `pengaduan` (`id_user`, `id_kategori`, `isi_laporan`, `status`) VALUES (\'1\', \'1\', \'Kerusakan jalan bundaran universitas presiden\', \'menunggu\')')
 3 SYSTEMPATH\Database\BaseConnection.php(825): CodeIgniter\Database\BaseConnection->simpleQuery('INSERT INTO `pengaduan` (`id_user`, `id_kategori`, `isi_laporan`, `status`) VALUES (\'1\', \'1\', \'Kerusakan jalan bundaran universitas presiden\', \'menunggu\')')
 4 SYSTEMPATH\Database\BaseBuilder.php(2343): CodeIgniter\Database\BaseConnection->query('INSERT INTO `pengaduan` (`id_user`, `id_kategori`, `isi_laporan`, `status`) VALUES (:id_user:, :id_kategori:, :isi_laporan:, :status:)', [...], false)
 5 SYSTEMPATH\Model.php(357): CodeIgniter\Database\BaseBuilder->insert()
 6 SYSTEMPATH\BaseModel.php(899): CodeIgniter\Model->doInsert([...])
 7 SYSTEMPATH\Model.php(670): CodeIgniter\BaseModel->insert([...], true)
 8 APPPATH\Controllers\Api\Pengaduan.php(29): CodeIgniter\Model->insert([...])
 9 SYSTEMPATH\CodeIgniter.php(974): App\Controllers\Api\Pengaduan->create()
10 SYSTEMPATH\CodeIgniter.php(520): CodeIgniter\CodeIgniter->runController(Object(App\Controllers\Api\Pengaduan))
11 SYSTEMPATH\CodeIgniter.php(363): CodeIgniter\CodeIgniter->handleRequest(null, Object(Config\Cache), false)
12 SYSTEMPATH\Boot.php(417): CodeIgniter\CodeIgniter->run()
13 SYSTEMPATH\Boot.php(68): CodeIgniter\Boot::runCodeIgniter(Object(CodeIgniter\CodeIgniter))
14 FCPATH\index.php(59): CodeIgniter\Boot::bootWeb(Object(Config\Paths))
15 SYSTEMPATH\rewrite.php(44): require_once('C:\\xampp\\htdocs\\UAS_Web2_Rifqi\\backend-api\\public\\index.php')
